==============================================================================
20160928 22:23:31.651 - INFO - + START SUITE: Acceptancetest [ ]
==============================================================================
20160928 22:23:31.789 - INFO - +- START SUITE: Acceptancetest.CustomWidgetTests [ ]
==============================================================================
20160928 22:23:31.789 - INFO - +-- START TEST: Hexagon Is Selected Initially [ ]
------------------------------------------------------------------------------
20160928 22:23:31.789 - INFO - +--- START KW: SwingLibrary.Start Application [ edu.jsu.mcis.Main ]
20160928 22:23:31.805 - INFO - +--- END KW: SwingLibrary.Start Application (16)
~~~~~~~~~~~~~~~~~~~~~~~~~~~~~~~~~~~~~~~~~~~~~~~~~~~~~~~~~~~~~~~~~~~~~~~~~~~~~~
20160928 22:23:31.805 - INFO - +--- START KW: SwingLibrary.Select Window [ Main ]
20160928 22:23:31.805 - DEBUG - Jemmy: Start to wait frame "Frame with name or title 'Main'" opened
20160928 22:23:31.805 - DEBUG - Jemmy: Frame "Frame with name or title 'Main'" has been opened in 0 milliseconds
    javax.swing.JFrame[frame8,0,0,500x500,layout=java.awt.BorderLayout,title=Main,resizable,normal,defaultCloseOperation=EXIT_ON_CLOSE,rootPane=javax.swing.JRootPane[,8,31,484x461,layout=javax.swing.JRootPane$RootLayout,alignmentX=0.0,alignmentY=0.0,border=,flags=16777673,maximumSize=,minimumSize=,preferredSize=],rootPaneCheckingEnabled=true]
20160928 22:23:31.805 - INFO - +--- END KW: SwingLibrary.Select Window (0)
~~~~~~~~~~~~~~~~~~~~~~~~~~~~~~~~~~~~~~~~~~~~~~~~~~~~~~~~~~~~~~~~~~~~~~~~~~~~~~
20160928 22:23:31.805 - INFO - +--- START KW: SwingLibrary.Label Text Should Be [ label | Hexagon ]
20160928 22:23:31.820 - DEBUG - Jemmy: Waiting for "label" subcomponent
20160928 22:23:31.820 - DEBUG - Jemmy: Start to wait action "Wait for "label" subcomponent to be displayed"
20160928 22:23:31.820 - DEBUG - Jemmy: "Wait for "label" subcomponent to be displayed" action has been produced in 0 milliseconds with result 
    : javax.swing.JLabel[label,0,0,484x16,alignmentX=0.0,alignmentY=0.0,border=,flags=8388608,maximumSize=,minimumSize=,preferredSize=,defaultIcon=,disabledIcon=,horizontalAlignment=CENTER,horizontalTextPosition=TRAILING,iconTextGap=4,labelFor=,text=Hexagon,verticalAlignment=CENTER,verticalTextPosition=CENTER]
20160928 22:23:31.820 - INFO - +--- END KW: SwingLibrary.Label Text Should Be (15)
~~~~~~~~~~~~~~~~~~~~~~~~~~~~~~~~~~~~~~~~~~~~~~~~~~~~~~~~~~~~~~~~~~~~~~~~~~~~~~
20160928 22:23:31.820 - INFO - +--- START KW: SwingLibrary.Close Window [ Main ]
20160928 22:23:31.820 - DEBUG - Jemmy: Start to wait frame "Frame with name or title 'Main'" opened
20160928 22:23:31.820 - DEBUG - Jemmy: Frame "Frame with name or title 'Main'" has been opened in 0 milliseconds
    javax.swing.JFrame[frame8,0,0,500x500,layout=java.awt.BorderLayout,title=Main,resizable,normal,defaultCloseOperation=EXIT_ON_CLOSE,rootPane=javax.swing.JRootPane[,8,31,484x461,layout=javax.swing.JRootPane$RootLayout,alignmentX=0.0,alignmentY=0.0,border=,flags=16777673,maximumSize=,minimumSize=,preferredSize=],rootPaneCheckingEnabled=true]
20160928 22:23:32.040 - INFO - +--- END KW: SwingLibrary.Close Window (220)
------------------------------------------------------------------------------
20160928 22:23:32.040 - INFO - +-- END TEST: Hexagon Is Selected Initially (251)
------------------------------------------------------------------------------
20160928 22:23:32.040 - INFO - +-- START TEST: Octagon Is Selected After Center Click [ ]
------------------------------------------------------------------------------
20160928 22:23:32.040 - INFO - +--- START KW: SwingLibrary.Start Application [ edu.jsu.mcis.Main ]
20160928 22:23:32.055 - INFO - +--- END KW: SwingLibrary.Start Application (15)
~~~~~~~~~~~~~~~~~~~~~~~~~~~~~~~~~~~~~~~~~~~~~~~~~~~~~~~~~~~~~~~~~~~~~~~~~~~~~~
20160928 22:23:32.055 - INFO - +--- START KW: SwingLibrary.Select Window [ Main ]
20160928 22:23:32.055 - DEBUG - Jemmy: Start to wait frame "Frame with name or title 'Main'" opened
20160928 22:23:32.055 - DEBUG - Jemmy: Frame "Frame with name or title 'Main'" has been opened in 0 milliseconds
    javax.swing.JFrame[frame9,0,0,500x500,layout=java.awt.BorderLayout,title=Main,resizable,normal,defaultCloseOperation=EXIT_ON_CLOSE,rootPane=javax.swing.JRootPane[,8,31,484x461,layout=javax.swing.JRootPane$RootLayout,alignmentX=0.0,alignmentY=0.0,border=,flags=16777673,maximumSize=,minimumSize=,preferredSize=],rootPaneCheckingEnabled=true]
20160928 22:23:32.071 - INFO - +--- END KW: SwingLibrary.Select Window (16)
~~~~~~~~~~~~~~~~~~~~~~~~~~~~~~~~~~~~~~~~~~~~~~~~~~~~~~~~~~~~~~~~~~~~~~~~~~~~~~
20160928 22:23:32.071 - INFO - +--- START KW: keywords.CustomWidgetKeywords.Click Octagon Inside [ ]
20160928 22:23:32.071 - DEBUG - Jemmy: Waiting for "Any CustomWidget" subcomponent
20160928 22:23:32.071 - DEBUG - Jemmy: Start to wait action "Wait for "Any CustomWidget" subcomponent to be displayed"
20160928 22:23:32.071 - DEBUG - Jemmy: "Wait for "Any CustomWidget" subcomponent to be displayed" action has been produced in 0 milliseconds with result 
    : edu.jsu.mcis.CustomWidget[,0,16,484x445,layout=java.awt.FlowLayout,alignmentX=0.0,alignmentY=0.0,border=javax.swing.border.LineBorder@762ff0c9,flags=9,maximumSize=,minimumSize=,preferredSize=]
20160928 22:23:32.071 - INFO - +--- END KW: keywords.CustomWidgetKeywords.Click Octagon Inside (0)
~~~~~~~~~~~~~~~~~~~~~~~~~~~~~~~~~~~~~~~~~~~~~~~~~~~~~~~~~~~~~~~~~~~~~~~~~~~~~~
20160928 22:23:32.071 - INFO - +--- START KW: SwingLibrary.Label Text Should Be [ label | Octagon ]
20160928 22:23:32.071 - DEBUG - Jemmy: Waiting for "label" subcomponent
20160928 22:23:32.071 - DEBUG - Jemmy: Start to wait action "Wait for "label" subcomponent to be displayed"
20160928 22:23:32.071 - DEBUG - Jemmy: "Wait for "label" subcomponent to be displayed" action has been produced in 0 milliseconds with result 
    : javax.swing.JLabel[label,0,0,484x16,alignmentX=0.0,alignmentY=0.0,border=,flags=8388608,maximumSize=,minimumSize=,preferredSize=,defaultIcon=,disabledIcon=,horizontalAlignment=CENTER,horizontalTextPosition=TRAILING,iconTextGap=4,labelFor=,text=Octagon,verticalAlignment=CENTER,verticalTextPosition=CENTER]
20160928 22:23:32.086 - INFO - +--- END KW: SwingLibrary.Label Text Should Be (15)
~~~~~~~~~~~~~~~~~~~~~~~~~~~~~~~~~~~~~~~~~~~~~~~~~~~~~~~~~~~~~~~~~~~~~~~~~~~~~~
20160928 22:23:32.086 - INFO - +--- START KW: SwingLibrary.Close Window [ Main ]
20160928 22:23:32.086 - DEBUG - Jemmy: Start to wait frame "Frame with name or title 'Main'" opened
20160928 22:23:32.086 - DEBUG - Jemmy: Frame "Frame with name or title 'Main'" has been opened in 0 milliseconds
    javax.swing.JFrame[frame9,0,0,500x500,invalid,layout=java.awt.BorderLayout,title=Main,resizable,normal,defaultCloseOperation=EXIT_ON_CLOSE,rootPane=javax.swing.JRootPane[,8,31,484x461,layout=javax.swing.JRootPane$RootLayout,alignmentX=0.0,alignmentY=0.0,border=,flags=16777673,maximumSize=,minimumSize=,preferredSize=],rootPaneCheckingEnabled=true]
20160928 22:23:32.256 - INFO - +--- END KW: SwingLibrary.Close Window (170)
------------------------------------------------------------------------------
20160928 22:23:32.256 - INFO - +-- END TEST: Octagon Is Selected After Center Click (216)
------------------------------------------------------------------------------
20160928 22:23:32.256 - INFO - +-- START TEST: Widget Is Unchanged After Edge Click [ ]
------------------------------------------------------------------------------
20160928 22:23:32.271 - INFO - +--- START KW: SwingLibrary.Start Application [ edu.jsu.mcis.Main ]
20160928 22:23:32.302 - INFO - +--- END KW: SwingLibrary.Start Application (31)
~~~~~~~~~~~~~~~~~~~~~~~~~~~~~~~~~~~~~~~~~~~~~~~~~~~~~~~~~~~~~~~~~~~~~~~~~~~~~~
20160928 22:23:32.302 - INFO - +--- START KW: SwingLibrary.Select Window [ Main ]
20160928 22:23:32.302 - DEBUG - Jemmy: Start to wait frame "Frame with name or title 'Main'" opened
20160928 22:23:32.302 - DEBUG - Jemmy: Frame "Frame with name or title 'Main'" has been opened in 0 milliseconds
    javax.swing.JFrame[frame10,0,0,500x500,layout=java.awt.BorderLayout,title=Main,resizable,normal,defaultCloseOperation=EXIT_ON_CLOSE,rootPane=javax.swing.JRootPane[,8,31,484x461,layout=javax.swing.JRootPane$RootLayout,alignmentX=0.0,alignmentY=0.0,border=,flags=16777673,maximumSize=,minimumSize=,preferredSize=],rootPaneCheckingEnabled=true]
20160928 22:23:32.319 - INFO - +--- END KW: SwingLibrary.Select Window (17)
~~~~~~~~~~~~~~~~~~~~~~~~~~~~~~~~~~~~~~~~~~~~~~~~~~~~~~~~~~~~~~~~~~~~~~~~~~~~~~
20160928 22:23:32.320 - INFO - +--- START KW: keywords.CustomWidgetKeywords.Click Hexagon Outside [ ]
20160928 22:23:32.322 - DEBUG - Jemmy: Waiting for "Any CustomWidget" subcomponent
20160928 22:23:32.322 - DEBUG - Jemmy: Start to wait action "Wait for "Any CustomWidget" subcomponent to be displayed"
20160928 22:23:32.323 - DEBUG - Jemmy: "Wait for "Any CustomWidget" subcomponent to be displayed" action has been produced in 0 milliseconds with result 
    : edu.jsu.mcis.CustomWidget[,0,16,484x445,layout=java.awt.FlowLayout,alignmentX=0.0,alignmentY=0.0,border=javax.swing.border.LineBorder@188388ce,flags=9,maximumSize=,minimumSize=,preferredSize=]
20160928 22:23:32.325 - INFO - +--- END KW: keywords.CustomWidgetKeywords.Click Hexagon Outside (5)
~~~~~~~~~~~~~~~~~~~~~~~~~~~~~~~~~~~~~~~~~~~~~~~~~~~~~~~~~~~~~~~~~~~~~~~~~~~~~~
20160928 22:23:32.325 - INFO - +--- START KW: keywords.CustomWidgetKeywords.Click Octagon Outside [ ]
20160928 22:23:32.325 - DEBUG - Jemmy: Waiting for "Any CustomWidget" subcomponent
20160928 22:23:32.325 - DEBUG - Jemmy: Start to wait action "Wait for "Any CustomWidget" subcomponent to be displayed"
20160928 22:23:32.325 - DEBUG - Jemmy: "Wait for "Any CustomWidget" subcomponent to be displayed" action has been produced in 0 milliseconds with result 
    : edu.jsu.mcis.CustomWidget[,0,16,484x445,layout=java.awt.FlowLayout,alignmentX=0.0,alignmentY=0.0,border=javax.swing.border.LineBorder@188388ce,flags=9,maximumSize=,minimumSize=,preferredSize=]
20160928 22:23:32.325 - INFO - +--- END KW: keywords.CustomWidgetKeywords.Click Octagon Outside (0)
~~~~~~~~~~~~~~~~~~~~~~~~~~~~~~~~~~~~~~~~~~~~~~~~~~~~~~~~~~~~~~~~~~~~~~~~~~~~~~
20160928 22:23:32.325 - INFO - +--- START KW: SwingLibrary.Label Text Should Be [ label | Hexagon ]
20160928 22:23:32.340 - DEBUG - Jemmy: Waiting for "label" subcomponent
20160928 22:23:32.340 - DEBUG - Jemmy: Start to wait action "Wait for "label" subcomponent to be displayed"
20160928 22:23:32.340 - DEBUG - Jemmy: "Wait for "label" subcomponent to be displayed" action has been produced in 0 milliseconds with result 
    : javax.swing.JLabel[label,0,0,484x16,alignmentX=0.0,alignmentY=0.0,border=,flags=8388608,maximumSize=,minimumSize=,preferredSize=,defaultIcon=,disabledIcon=,horizontalAlignment=CENTER,horizontalTextPosition=TRAILING,iconTextGap=4,labelFor=,text=Hexagon,verticalAlignment=CENTER,verticalTextPosition=CENTER]
20160928 22:23:32.340 - INFO - +--- END KW: SwingLibrary.Label Text Should Be (15)
~~~~~~~~~~~~~~~~~~~~~~~~~~~~~~~~~~~~~~~~~~~~~~~~~~~~~~~~~~~~~~~~~~~~~~~~~~~~~~
20160928 22:23:32.340 - INFO - +--- START KW: SwingLibrary.Close Window [ Main ]
20160928 22:23:32.340 - DEBUG - Jemmy: Start to wait frame "Frame with name or title 'Main'" opened
20160928 22:23:32.340 - DEBUG - Jemmy: Frame "Frame with name or title 'Main'" has been opened in 0 milliseconds
    javax.swing.JFrame[frame10,0,0,500x500,layout=java.awt.BorderLayout,title=Main,resizable,normal,defaultCloseOperation=EXIT_ON_CLOSE,rootPane=javax.swing.JRootPane[,8,31,484x461,layout=javax.swing.JRootPane$RootLayout,alignmentX=0.0,alignmentY=0.0,border=,flags=16777673,maximumSize=,minimumSize=,preferredSize=],rootPaneCheckingEnabled=true]
20160928 22:23:32.522 - INFO - +--- END KW: SwingLibrary.Close Window (181)
------------------------------------------------------------------------------
20160928 22:23:32.525 - INFO - +-- END TEST: Widget Is Unchanged After Edge Click (267)
------------------------------------------------------------------------------
20160928 22:23:32.525 - INFO - +-- START TEST: Widget Toggles With Successive Center Clicks [ ]
------------------------------------------------------------------------------
20160928 22:23:32.525 - INFO - +--- START KW: SwingLibrary.Start Application [ edu.jsu.mcis.Main ]
20160928 22:23:32.556 - INFO - +--- END KW: SwingLibrary.Start Application (31)
~~~~~~~~~~~~~~~~~~~~~~~~~~~~~~~~~~~~~~~~~~~~~~~~~~~~~~~~~~~~~~~~~~~~~~~~~~~~~~
20160928 22:23:32.556 - INFO - +--- START KW: SwingLibrary.Select Window [ Main ]
20160928 22:23:32.556 - DEBUG - Jemmy: Start to wait frame "Frame with name or title 'Main'" opened
20160928 22:23:32.572 - DEBUG - Jemmy: Frame "Frame with name or title 'Main'" has been opened in 0 milliseconds
    javax.swing.JFrame[frame11,0,0,500x500,layout=java.awt.BorderLayout,title=Main,resizable,normal,defaultCloseOperation=EXIT_ON_CLOSE,rootPane=javax.swing.JRootPane[,8,31,484x461,layout=javax.swing.JRootPane$RootLayout,alignmentX=0.0,alignmentY=0.0,border=,flags=16777673,maximumSize=,minimumSize=,preferredSize=],rootPaneCheckingEnabled=true]
20160928 22:23:32.572 - INFO - +--- END KW: SwingLibrary.Select Window (16)
~~~~~~~~~~~~~~~~~~~~~~~~~~~~~~~~~~~~~~~~~~~~~~~~~~~~~~~~~~~~~~~~~~~~~~~~~~~~~~
20160928 22:23:32.572 - INFO - +--- START KW: keywords.CustomWidgetKeywords.Click Octagon Inside [ ]
20160928 22:23:32.572 - DEBUG - Jemmy: Waiting for "Any CustomWidget" subcomponent
20160928 22:23:32.572 - DEBUG - Jemmy: Start to wait action "Wait for "Any CustomWidget" subcomponent to be displayed"
20160928 22:23:32.572 - DEBUG - Jemmy: "Wait for "Any CustomWidget" subcomponent to be displayed" action has been produced in 0 milliseconds with result 
    : edu.jsu.mcis.CustomWidget[,0,16,484x445,layout=java.awt.FlowLayout,alignmentX=0.0,alignmentY=0.0,border=javax.swing.border.LineBorder@22bfe36f,flags=9,maximumSize=,minimumSize=,preferredSize=]
20160928 22:23:32.587 - INFO - +--- END KW: keywords.CustomWidgetKeywords.Click Octagon Inside (15)
~~~~~~~~~~~~~~~~~~~~~~~~~~~~~~~~~~~~~~~~~~~~~~~~~~~~~~~~~~~~~~~~~~~~~~~~~~~~~~
20160928 22:23:32.587 - INFO - +--- START KW: SwingLibrary.Label Text Should Be [ label | Octagon ]
20160928 22:23:32.587 - DEBUG - Jemmy: Waiting for "label" subcomponent
20160928 22:23:32.587 - DEBUG - Jemmy: Start to wait action "Wait for "label" subcomponent to be displayed"
20160928 22:23:32.587 - DEBUG - Jemmy: "Wait for "label" subcomponent to be displayed" action has been produced in 0 milliseconds with result 
    : javax.swing.JLabel[label,0,0,484x16,alignmentX=0.0,alignmentY=0.0,border=,flags=8388608,maximumSize=,minimumSize=,preferredSize=,defaultIcon=,disabledIcon=,horizontalAlignment=CENTER,horizontalTextPosition=TRAILING,iconTextGap=4,labelFor=,text=Octagon,verticalAlignment=CENTER,verticalTextPosition=CENTER]
20160928 22:23:32.587 - INFO - +--- END KW: SwingLibrary.Label Text Should Be (0)
~~~~~~~~~~~~~~~~~~~~~~~~~~~~~~~~~~~~~~~~~~~~~~~~~~~~~~~~~~~~~~~~~~~~~~~~~~~~~~
20160928 22:23:32.587 - INFO - +--- START KW: keywords.CustomWidgetKeywords.Click Octagon Inside [ ]
20160928 22:23:32.587 - DEBUG - Jemmy: Waiting for "Any CustomWidget" subcomponent
20160928 22:23:32.587 - DEBUG - Jemmy: Start to wait action "Wait for "Any CustomWidget" subcomponent to be displayed"
20160928 22:23:32.587 - DEBUG - Jemmy: "Wait for "Any CustomWidget" subcomponent to be displayed" action has been produced in 0 milliseconds with result 
    : edu.jsu.mcis.CustomWidget[,0,16,484x445,layout=java.awt.FlowLayout,alignmentX=0.0,alignmentY=0.0,border=javax.swing.border.LineBorder@22bfe36f,flags=9,maximumSize=,minimumSize=,preferredSize=]
20160928 22:23:32.587 - INFO - +--- END KW: keywords.CustomWidgetKeywords.Click Octagon Inside (0)
~~~~~~~~~~~~~~~~~~~~~~~~~~~~~~~~~~~~~~~~~~~~~~~~~~~~~~~~~~~~~~~~~~~~~~~~~~~~~~
20160928 22:23:32.587 - INFO - +--- START KW: SwingLibrary.Label Text Should Be [ label | Hexagon ]
20160928 22:23:32.587 - DEBUG - Jemmy: Waiting for "label" subcomponent
20160928 22:23:32.587 - DEBUG - Jemmy: Start to wait action "Wait for "label" subcomponent to be displayed"
20160928 22:23:32.587 - DEBUG - Jemmy: "Wait for "label" subcomponent to be displayed" action has been produced in 0 milliseconds with result 
    : javax.swing.JLabel[label,0,0,484x16,alignmentX=0.0,alignmentY=0.0,border=,flags=8388608,maximumSize=,minimumSize=,preferredSize=,defaultIcon=,disabledIcon=,horizontalAlignment=CENTER,horizontalTextPosition=TRAILING,iconTextGap=4,labelFor=,text=Hexagon,verticalAlignment=CENTER,verticalTextPosition=CENTER]
20160928 22:23:32.587 - INFO - +--- END KW: SwingLibrary.Label Text Should Be (0)
~~~~~~~~~~~~~~~~~~~~~~~~~~~~~~~~~~~~~~~~~~~~~~~~~~~~~~~~~~~~~~~~~~~~~~~~~~~~~~
20160928 22:23:32.603 - INFO - +--- START KW: SwingLibrary.Close Window [ Main ]
20160928 22:23:32.603 - DEBUG - Jemmy: Start to wait frame "Frame with name or title 'Main'" opened
20160928 22:23:32.603 - DEBUG - Jemmy: Frame "Frame with name or title 'Main'" has been opened in 0 milliseconds
    javax.swing.JFrame[frame11,0,0,500x500,invalid,layout=java.awt.BorderLayout,title=Main,resizable,normal,defaultCloseOperation=EXIT_ON_CLOSE,rootPane=javax.swing.JRootPane[,8,31,484x461,layout=javax.swing.JRootPane$RootLayout,alignmentX=0.0,alignmentY=0.0,border=,flags=16777673,maximumSize=,minimumSize=,preferredSize=],rootPaneCheckingEnabled=true]
20160928 22:23:32.776 - INFO - +--- END KW: SwingLibrary.Close Window (173)
------------------------------------------------------------------------------
20160928 22:23:32.776 - INFO - +-- END TEST: Widget Toggles With Successive Center Clicks (251)
------------------------------------------------------------------------------
20160928 22:23:32.792 - INFO - +- END SUITE: Acceptancetest.CustomWidgetTests (1125)
==============================================================================
20160928 22:23:32.808 - INFO - + END SUITE: Acceptancetest (1238)
==============================================================================
